d:\project\pokemondp_dx11\export\kpokemon_dx11\obj\vc142.pdb
d:\project\pokemondp_dx11\export\kpokemon_dx11\obj\vc142.idb
d:\project\pokemondp_dx11\export\kpokemon_dx11\obj\kscene_intro.obj
d:\project\pokemondp_dx11\export\kpokemon_dx11\obj\sample.obj
d:\project\pokemondp_dx11\export\kpokemon_dx11\obj\ktriggercollider.obj
d:\project\pokemondp_dx11\export\kpokemon_dx11\obj\kscene_game_0.obj
d:\project\pokemondp_dx11\export\kpokemon_dx11\obj\kscenemanager.obj
d:\project\pokemondp_dx11\export\kpokemon_dx11\obj\kplayer2d.obj
d:\project\pokemondp_dx11\export\kpokemon_dx11\obj\knpc2d.obj
d:\project\pokemondp_dx11\export\kpokemon_dx11\obj\kmapspace.obj
d:\project\pokemondp_dx11\export\kpokemon_dx11\obj\kspriteeffect.obj
d:\project\pokemondp_dx11\export\kpokemon_dx11\obj\kscene_game_1.obj
d:\project\pokemondp_dx11\export\kpokemon_dx11\obj\kscene_combat.obj
d:\project\pokemondp_dx11\export\kpokemon_dx11\obj\kpokemon.obj
d:\project\pokemondp_dx11\export\kpokemon_dx11\obj\kcombat.obj
d:\project\pokemondp_dx11\export\kpokemon_dx11\kpokemon_dx11.exe
d:\project\pokemondp_dx11\export\kpokemon_dx11\obj\kpokemon_dx11.ilk
d:\project\pokemondp_dx11\export\kpokemon_dx11\kpokemon_dx11.pdb
d:\project\pokemondp_dx11\export\kpokemon_dx11\obj\sample_input.res
d:\project\pokemondp_dx11\export\kpokemon_dx11\obj\kpokemon_dx11.tlog\cl.command.1.tlog
d:\project\pokemondp_dx11\export\kpokemon_dx11\obj\kpokemon_dx11.tlog\cl.read.1.tlog
d:\project\pokemondp_dx11\export\kpokemon_dx11\obj\kpokemon_dx11.tlog\cl.write.1.tlog
d:\project\pokemondp_dx11\export\kpokemon_dx11\obj\kpokemon_dx11.tlog\link.command.1.tlog
d:\project\pokemondp_dx11\export\kpokemon_dx11\obj\kpokemon_dx11.tlog\link.read.1.tlog
d:\project\pokemondp_dx11\export\kpokemon_dx11\obj\kpokemon_dx11.tlog\link.write.1.tlog
d:\project\pokemondp_dx11\export\kpokemon_dx11\obj\kpokemon_dx11.tlog\rc.command.1.tlog
d:\project\pokemondp_dx11\export\kpokemon_dx11\obj\kpokemon_dx11.tlog\rc.read.1.tlog
d:\project\pokemondp_dx11\export\kpokemon_dx11\obj\kpokemon_dx11.tlog\rc.write.1.tlog
