  ImGuiManager.cpp
  imgui.cpp
  imgui_demo.cpp
  imgui_draw.cpp
  imgui_impl_dx11.cpp
  imgui_impl_win32.cpp
  imgui_widgets.cpp
  K2DAsset.cpp
E:\github\PokemonDP_DX11Proj_DD\PokemonDP_DX11\Source\KD3DLib\KTextureManager.h(3,10): fatal error C1083: 포함 파일을 열 수 없습니다. 'DDSTextureLoader.h': No such file or directory
  KBoxObj.cpp
E:\github\PokemonDP_DX11Proj_DD\PokemonDP_DX11\Source\KD3DLib\KTextureManager.h(3,10): fatal error C1083: 포함 파일을 열 수 없습니다. 'DDSTextureLoader.h': No such file or directory
  KCamera.cpp
  KCollider.cpp
E:\github\PokemonDP_DX11Proj_DD\PokemonDP_DX11\Source\KD3DLib\KTextureManager.h(3,10): fatal error C1083: 포함 파일을 열 수 없습니다. 'DDSTextureLoader.h': No such file or directory
  KCollision.cpp
  KCore.cpp
E:\github\PokemonDP_DX11Proj_DD\PokemonDP_DX11\Source\KD3DLib\KSound.h(3,10): fatal error C1083: 포함 파일을 열 수 없습니다. 'fmod.hpp': No such file or directory
  KDevice.cpp
E:\github\PokemonDP_DX11Proj_DD\PokemonDP_DX11\Source\KD3DLib\KDevice.cpp(6,10): warning C4101: 'hr' :참조되지 않은 지역 변수입니다.
E:\github\PokemonDP_DX11Proj_DD\PokemonDP_DX11\Source\KD3DLib\KDevice.cpp(100,1): warning C4002: 함수 같은 매크로 호출 'FAILED'에 대해 인수가 너무 많습니다.
E:\github\PokemonDP_DX11Proj_DD\PokemonDP_DX11\Source\KD3DLib\KDevice.cpp(166,36): warning C4244: '=': 'UINT'에서 'FLOAT'(으)로 변환하면서 데이터가 손실될 수 있습니다.
E:\github\PokemonDP_DX11Proj_DD\PokemonDP_DX11\Source\KD3DLib\KDevice.cpp(167,37): warning C4244: '=': 'UINT'에서 'FLOAT'(으)로 변환하면서 데이터가 손실될 수 있습니다.
  KInput.cpp
  KManager.cpp
  KMath.cpp
E:\github\PokemonDP_DX11Proj_DD\PokemonDP_DX11\Source\KD3DLib\KMath.h(550,9): warning C4244: '=': 'double'에서 'float'(으)로 변환하면서 데이터가 손실될 수 있습니다.
  KObject.cpp
E:\github\PokemonDP_DX11Proj_DD\PokemonDP_DX11\Source\KD3DLib\KTextureManager.h(3,10): fatal error C1083: 포함 파일을 열 수 없습니다. 'DDSTextureLoader.h': No such file or directory
  KObjectManager.cpp
E:\github\PokemonDP_DX11Proj_DD\PokemonDP_DX11\Source\KD3DLib\KTextureManager.h(3,10): fatal error C1083: 포함 파일을 열 수 없습니다. 'DDSTextureLoader.h': No such file or directory
  KObjObject.cpp
E:\github\PokemonDP_DX11Proj_DD\PokemonDP_DX11\Source\KD3DLib\KTextureManager.h(3,10): fatal error C1083: 포함 파일을 열 수 없습니다. 'DDSTextureLoader.h': No such file or directory
  코드를 생성하고 있습니다...
  컴파일하고 있습니다...
  KPlaneObj.cpp
E:\github\PokemonDP_DX11Proj_DD\PokemonDP_DX11\Source\KD3DLib\KTextureManager.h(3,10): fatal error C1083: 포함 파일을 열 수 없습니다. 'DDSTextureLoader.h': No such file or directory
  KQuadTree.cpp
E:\github\PokemonDP_DX11Proj_DD\PokemonDP_DX11\Source\KD3DLib\KTextureManager.h(3,10): fatal error C1083: 포함 파일을 열 수 없습니다. 'DDSTextureLoader.h': No such file or directory
  KScene.cpp
E:\github\PokemonDP_DX11Proj_DD\PokemonDP_DX11\Source\KD3DLib\KTextureManager.h(3,10): fatal error C1083: 포함 파일을 열 수 없습니다. 'DDSTextureLoader.h': No such file or directory
  KShaderManager.cpp
  KSkyBox.cpp
E:\github\PokemonDP_DX11Proj_DD\PokemonDP_DX11\Source\KD3DLib\KTextureManager.h(3,10): fatal error C1083: 포함 파일을 열 수 없습니다. 'DDSTextureLoader.h': No such file or directory
  KSound.cpp
E:\github\PokemonDP_DX11Proj_DD\PokemonDP_DX11\Source\KD3DLib\KSound.h(3,10): fatal error C1083: 포함 파일을 열 수 없습니다. 'fmod.hpp': No such file or directory
  KSoundManager.cpp
E:\github\PokemonDP_DX11Proj_DD\PokemonDP_DX11\Source\KD3DLib\KSound.h(3,10): fatal error C1083: 포함 파일을 열 수 없습니다. 'fmod.hpp': No such file or directory
  KSpriteManager.cpp
E:\github\PokemonDP_DX11Proj_DD\PokemonDP_DX11\Source\KD3DLib\KSpriteManager.cpp(15,16): warning C4244: '=': 'float'에서 'int'(으)로 변환하면서 데이터가 손실될 수 있습니다.
E:\github\PokemonDP_DX11Proj_DD\PokemonDP_DX11\Source\KD3DLib\KSpriteManager.cpp(41,21): warning C4473: 'swscanf_s': 서식 문자열에 대한 인수가 충분하게 전달되지 않았습니다.
E:\github\PokemonDP_DX11Proj_DD\PokemonDP_DX11\Source\KD3DLib\KSpriteManager.cpp(41,21): message : 자리 표시자 및 해당 매개 변수에는 variadic 인수가 3개 필요하지만 2개가 제공되었습니다.
E:\github\PokemonDP_DX11Proj_DD\PokemonDP_DX11\Source\KD3DLib\KSpriteManager.cpp(41,21): message : 누락된 variadic 인수 3이(가) 서식 문자열 '%d'에 필요합니다.
E:\github\PokemonDP_DX11Proj_DD\PokemonDP_DX11\Source\KD3DLib\KSpriteManager.cpp(35,8): warning C4101: 'fAnimTimer' :참조되지 않은 지역 변수입니다.
E:\github\PokemonDP_DX11Proj_DD\PokemonDP_DX11\Source\KD3DLib\KSpriteManager.cpp(81,21): warning C4473: 'swscanf_s': 서식 문자열에 대한 인수가 충분하게 전달되지 않았습니다.
E:\github\PokemonDP_DX11Proj_DD\PokemonDP_DX11\Source\KD3DLib\KSpriteManager.cpp(81,21): message : 자리 표시자 및 해당 매개 변수에는 variadic 인수가 4개 필요하지만 3개가 제공되었습니다.
E:\github\PokemonDP_DX11Proj_DD\PokemonDP_DX11\Source\KD3DLib\KSpriteManager.cpp(81,21): message : 누락된 variadic 인수 4이(가) 서식 문자열 '%d'에 필요합니다.
E:\github\PokemonDP_DX11Proj_DD\PokemonDP_DX11\Source\KD3DLib\KSpriteManager.cpp(90,22): warning C4477: 'swscanf_s' : 서식 문자열 '%d'에 'int *' 형식의 인수가 필요하지만 variadic 인수 4의 형식이 'float *'입니다.
E:\github\PokemonDP_DX11Proj_DD\PokemonDP_DX11\Source\KD3DLib\KSpriteManager.cpp(90,22): warning C4473: 'swscanf_s': 서식 문자열에 대한 인수가 충분하게 전달되지 않았습니다.
E:\github\PokemonDP_DX11Proj_DD\PokemonDP_DX11\Source\KD3DLib\KSpriteManager.cpp(90,22): message : 자리 표시자 및 해당 매개 변수에는 variadic 인수가 5개 필요하지만 4개가 제공되었습니다.
E:\github\PokemonDP_DX11Proj_DD\PokemonDP_DX11\Source\KD3DLib\KSpriteManager.cpp(90,22): message : 누락된 variadic 인수 5이(가) 서식 문자열 '%f'에 필요합니다.
E:\github\PokemonDP_DX11Proj_DD\PokemonDP_DX11\Source\KD3DLib\KSpriteManager.cpp(75,8): warning C4101: 'anim_time' :참조되지 않은 지역 변수입니다.
  KState.cpp
  KTextureManager.cpp
E:\github\PokemonDP_DX11Proj_DD\PokemonDP_DX11\Source\KD3DLib\KTextureManager.h(3,10): fatal error C1083: 포함 파일을 열 수 없습니다. 'DDSTextureLoader.h': No such file or directory
  KTimer.cpp
  KUI.cpp
E:\github\PokemonDP_DX11Proj_DD\PokemonDP_DX11\Source\KD3DLib\KTextureManager.h(3,10): fatal error C1083: 포함 파일을 열 수 없습니다. 'DDSTextureLoader.h': No such file or directory
  KUIModelManager.cpp
E:\github\PokemonDP_DX11Proj_DD\PokemonDP_DX11\Source\KD3DLib\KTextureManager.h(3,10): fatal error C1083: 포함 파일을 열 수 없습니다. 'DDSTextureLoader.h': No such file or directory
  KWindow.cpp
  KWrite.cpp
E:\github\PokemonDP_DX11Proj_DD\PokemonDP_DX11\Source\KD3DLib\KWrite.cpp(11,18): warning C4244: '=': 'UINT'에서 'FLOAT'(으)로 변환하면서 데이터가 손실될 수 있습니다.
E:\github\PokemonDP_DX11Proj_DD\PokemonDP_DX11\Source\KD3DLib\KWrite.cpp(12,18): warning C4244: '=': 'UINT'에서 'FLOAT'(으)로 변환하면서 데이터가 손실될 수 있습니다.
E:\github\PokemonDP_DX11Proj_DD\PokemonDP_DX11\Source\KD3DLib\KWrite.cpp(96,69): warning C4244: '인수': 'LONG'에서 'FLOAT'(으)로 변환하면서 데이터가 손실될 수 있습니다.
E:\github\PokemonDP_DX11Proj_DD\PokemonDP_DX11\Source\KD3DLib\KWrite.cpp(96,59): warning C4244: '인수': 'LONG'에서 'FLOAT'(으)로 변환하면서 데이터가 손실될 수 있습니다.
E:\github\PokemonDP_DX11Proj_DD\PokemonDP_DX11\Source\KD3DLib\KWrite.cpp(96,51): warning C4244: '인수': 'LONG'에서 'FLOAT'(으)로 변환하면서 데이터가 손실될 수 있습니다.
E:\github\PokemonDP_DX11Proj_DD\PokemonDP_DX11\Source\KD3DLib\KWrite.cpp(96,42): warning C4244: '인수': 'LONG'에서 'FLOAT'(으)로 변환하면서 데이터가 손실될 수 있습니다.
E:\github\PokemonDP_DX11Proj_DD\PokemonDP_DX11\Source\KD3DLib\KWrite.cpp(123,34): warning C4244: '인수': 'float'에서 'const unsigned int'(으)로 변환하면서 데이터가 손실될 수 있습니다.
  코드를 생성하고 있습니다...
E:\github\PokemonDP_DX11Proj_DD\PokemonDP_DX11\Source\KD3DLib\KState.cpp(89): warning C4715: 'KState::CreateBlendState': 모든 제어 경로에서 값을 반환하지는 않습니다.
