d:\project\pokemondp_dx11\export\kd3dlib\kd3dlib.pdb
d:\project\pokemondp_dx11\export\kd3dlib\kd3dlib.idb
d:\project\pokemondp_dx11\export\kd3dlib\obj\kobjobject.obj
d:\project\pokemondp_dx11\export\kd3dlib\obj\kobjectmanager.obj
d:\project\pokemondp_dx11\export\kd3dlib\obj\kobject.obj
d:\project\pokemondp_dx11\export\kd3dlib\obj\kmath.obj
d:\project\pokemondp_dx11\export\kd3dlib\obj\kmanager.obj
d:\project\pokemondp_dx11\export\kd3dlib\obj\kinput.obj
d:\project\pokemondp_dx11\export\kd3dlib\obj\kdevice.obj
d:\project\pokemondp_dx11\export\kd3dlib\obj\kcore.obj
d:\project\pokemondp_dx11\export\kd3dlib\obj\kcollision.obj
d:\project\pokemondp_dx11\export\kd3dlib\obj\kcollider.obj
d:\project\pokemondp_dx11\export\kd3dlib\obj\kcamera.obj
d:\project\pokemondp_dx11\export\kd3dlib\obj\kboxobj.obj
d:\project\pokemondp_dx11\export\kd3dlib\obj\k2dasset.obj
d:\project\pokemondp_dx11\export\kd3dlib\obj\imgui_widgets.obj
d:\project\pokemondp_dx11\export\kd3dlib\obj\imgui_impl_win32.obj
d:\project\pokemondp_dx11\export\kd3dlib\obj\imgui_impl_dx11.obj
d:\project\pokemondp_dx11\export\kd3dlib\obj\imgui_draw.obj
d:\project\pokemondp_dx11\export\kd3dlib\obj\imgui_demo.obj
d:\project\pokemondp_dx11\export\kd3dlib\obj\imgui.obj
d:\project\pokemondp_dx11\export\kd3dlib\obj\imguimanager.obj
d:\project\pokemondp_dx11\export\kd3dlib\obj\kwrite.obj
d:\project\pokemondp_dx11\export\kd3dlib\obj\kwindow.obj
d:\project\pokemondp_dx11\export\kd3dlib\obj\kuimodelmanager.obj
d:\project\pokemondp_dx11\export\kd3dlib\obj\kui.obj
d:\project\pokemondp_dx11\export\kd3dlib\obj\ktimer.obj
d:\project\pokemondp_dx11\export\kd3dlib\obj\ktexturemanager.obj
d:\project\pokemondp_dx11\export\kd3dlib\obj\kstate.obj
d:\project\pokemondp_dx11\export\kd3dlib\obj\kspritemanager.obj
d:\project\pokemondp_dx11\export\kd3dlib\obj\ksoundmanager.obj
d:\project\pokemondp_dx11\export\kd3dlib\obj\ksound.obj
d:\project\pokemondp_dx11\export\kd3dlib\obj\kskybox.obj
d:\project\pokemondp_dx11\export\kd3dlib\obj\kshadermanager.obj
d:\project\pokemondp_dx11\export\kd3dlib\obj\kscene.obj
d:\project\pokemondp_dx11\export\kd3dlib\obj\kquadtree.obj
d:\project\pokemondp_dx11\export\kd3dlib\obj\kplaneobj.obj
d:\project\pokemondp_dx11\export\kd3dlib\kd3dlib.lib
d:\project\pokemondp_dx11\export\kd3dlib\obj\kd3dlib.res
d:\project\pokemondp_dx11\export\kd3dlib\obj\kcore.obj.enc
d:\project\pokemondp_dx11\export\kd3dlib\obj\kd3dlib.tlog\cl.command.1.tlog
d:\project\pokemondp_dx11\export\kd3dlib\obj\kd3dlib.tlog\cl.read.1.tlog
d:\project\pokemondp_dx11\export\kd3dlib\obj\kd3dlib.tlog\cl.write.1.tlog
d:\project\pokemondp_dx11\export\kd3dlib\obj\kd3dlib.tlog\lib-link-cvtres.read.1.tlog
d:\project\pokemondp_dx11\export\kd3dlib\obj\kd3dlib.tlog\lib-link-cvtres.write.1.tlog
d:\project\pokemondp_dx11\export\kd3dlib\obj\kd3dlib.tlog\lib.command.1.tlog
d:\project\pokemondp_dx11\export\kd3dlib\obj\kd3dlib.tlog\rc.command.1.tlog
d:\project\pokemondp_dx11\export\kd3dlib\obj\kd3dlib.tlog\rc.read.1.tlog
d:\project\pokemondp_dx11\export\kd3dlib\obj\kd3dlib.tlog\rc.write.1.tlog
