  ImGuiManager.cpp
  imgui.cpp
  imgui_demo.cpp
  imgui_draw.cpp
  imgui_impl_dx11.cpp
  imgui_impl_win32.cpp
  imgui_widgets.cpp
  K2DAsset.cpp
E:\github\PokemonDP_DX11Proj_DD\Source\KD3DLib\K2DAsset.cpp(39,21): warning C4244: '=': 'LONG'에서 'float'(으)로 변환하면서 데이터가 손실될 수 있습니다.
E:\github\PokemonDP_DX11Proj_DD\Source\KD3DLib\K2DAsset.cpp(40,22): warning C4244: '=': 'LONG'에서 'float'(으)로 변환하면서 데이터가 손실될 수 있습니다.
E:\github\PokemonDP_DX11Proj_DD\Source\KD3DLib\K2DAsset.cpp(46,21): warning C4244: '=': 'LONG'에서 'float'(으)로 변환하면서 데이터가 손실될 수 있습니다.
E:\github\PokemonDP_DX11Proj_DD\Source\KD3DLib\K2DAsset.cpp(47,22): warning C4244: '=': 'LONG'에서 'float'(으)로 변환하면서 데이터가 손실될 수 있습니다.
  KBoxObj.cpp
  KCamera.cpp
  KCollider.cpp
  KCollision.cpp
  KCore.cpp
  KDevice.cpp
E:\github\PokemonDP_DX11Proj_DD\Source\KD3DLib\KDevice.cpp(6,10): warning C4101: 'hr' :참조되지 않은 지역 변수입니다.
E:\github\PokemonDP_DX11Proj_DD\Source\KD3DLib\KDevice.cpp(100,1): warning C4002: 함수 같은 매크로 호출 'FAILED'에 대해 인수가 너무 많습니다.
E:\github\PokemonDP_DX11Proj_DD\Source\KD3DLib\KDevice.cpp(166,36): warning C4244: '=': 'UINT'에서 'FLOAT'(으)로 변환하면서 데이터가 손실될 수 있습니다.
E:\github\PokemonDP_DX11Proj_DD\Source\KD3DLib\KDevice.cpp(167,37): warning C4244: '=': 'UINT'에서 'FLOAT'(으)로 변환하면서 데이터가 손실될 수 있습니다.
  KInput.cpp
  KManager.cpp
  KMath.cpp
E:\github\PokemonDP_DX11Proj_DD\Source\KD3DLib\KMath.h(550,9): warning C4244: '=': 'double'에서 'float'(으)로 변환하면서 데이터가 손실될 수 있습니다.
  KObject.cpp
E:\github\PokemonDP_DX11Proj_DD\Source\KD3DLib\KObject.cpp(105,46): warning C4267: '인수': 'size_t'에서 'UINT'(으)로 변환하면서 데이터가 손실될 수 있습니다.
E:\github\PokemonDP_DX11Proj_DD\Source\KD3DLib\KObject.cpp(174,61): warning C4267: '=': 'size_t'에서 'UINT'(으)로 변환하면서 데이터가 손실될 수 있습니다.
E:\github\PokemonDP_DX11Proj_DD\Source\KD3DLib\KObject.cpp(191,54): warning C4267: '=': 'size_t'에서 'UINT'(으)로 변환하면서 데이터가 손실될 수 있습니다.
E:\github\PokemonDP_DX11Proj_DD\Source\KD3DLib\KObject.cpp(200,37): warning C4267: '=': 'size_t'에서 'UINT'(으)로 변환하면서 데이터가 손실될 수 있습니다.
  KObjectManager.cpp
  KObjObject.cpp
E:\github\PokemonDP_DX11Proj_DD\Source\KD3DLib\KObjObject.cpp(81,37): warning C4473: 'swscanf_s': 서식 문자열에 대한 인수가 충분하게 전달되지 않았습니다.
E:\github\PokemonDP_DX11Proj_DD\Source\KD3DLib\KObjObject.cpp(81,37): message : 자리 표시자 및 해당 매개 변수에는 variadic 인수가 14개 필요하지만 11개가 제공되었습니다.
E:\github\PokemonDP_DX11Proj_DD\Source\KD3DLib\KObjObject.cpp(81,37): message : 누락된 variadic 인수 12이(가) 서식 문자열 '%d'에 필요합니다.
  코드를 생성하고 있습니다...
  컴파일하고 있습니다...
  KPlaneObj.cpp
  KQuadTree.cpp
E:\github\PokemonDP_DX11Proj_DD\Source\KD3DLib\KQuadTree.cpp(7,12): warning C4244: '=': 'float'에서 'int'(으)로 변환하면서 데이터가 손실될 수 있습니다.
E:\github\PokemonDP_DX11Proj_DD\Source\KD3DLib\KQuadTree.cpp(8,13): warning C4244: '=': 'float'에서 'int'(으)로 변환하면서 데이터가 손실될 수 있습니다.
E:\github\PokemonDP_DX11Proj_DD\Source\KD3DLib\KQuadTree.cpp(11,51): warning C4244: '인수': 'int'에서 'float'(으)로 변환하면서 데이터가 손실될 수 있습니다.
E:\github\PokemonDP_DX11Proj_DD\Source\KD3DLib\KQuadTree.cpp(11,42): warning C4244: '인수': 'int'에서 'float'(으)로 변환하면서 데이터가 손실될 수 있습니다.
E:\github\PokemonDP_DX11Proj_DD\Source\KD3DLib\KQuadTree.cpp(48,38): warning C4267: '=': 'size_t'에서 'int'(으)로 변환하면서 데이터가 손실될 수 있습니다.
E:\github\PokemonDP_DX11Proj_DD\Source\KD3DLib\KQuadTree.cpp(121,21): warning C4473: 'swscanf_s': 서식 문자열에 대한 인수가 충분하게 전달되지 않았습니다.
E:\github\PokemonDP_DX11Proj_DD\Source\KD3DLib\KQuadTree.cpp(121,21): message : 자리 표시자 및 해당 매개 변수에는 variadic 인수가 3개 필요하지만 2개가 제공되었습니다.
E:\github\PokemonDP_DX11Proj_DD\Source\KD3DLib\KQuadTree.cpp(121,21): message : 누락된 variadic 인수 3이(가) 서식 문자열 '%d'에 필요합니다.
  KScene.cpp
  KShaderManager.cpp
  KSkyBox.cpp
  KSound.cpp
  KSoundManager.cpp
  KSpriteManager.cpp
E:\github\PokemonDP_DX11Proj_DD\Source\KD3DLib\KSpriteManager.cpp(15,16): warning C4244: '=': 'float'에서 'int'(으)로 변환하면서 데이터가 손실될 수 있습니다.
E:\github\PokemonDP_DX11Proj_DD\Source\KD3DLib\KSpriteManager.cpp(41,21): warning C4473: 'swscanf_s': 서식 문자열에 대한 인수가 충분하게 전달되지 않았습니다.
E:\github\PokemonDP_DX11Proj_DD\Source\KD3DLib\KSpriteManager.cpp(41,21): message : 자리 표시자 및 해당 매개 변수에는 variadic 인수가 3개 필요하지만 2개가 제공되었습니다.
E:\github\PokemonDP_DX11Proj_DD\Source\KD3DLib\KSpriteManager.cpp(41,21): message : 누락된 variadic 인수 3이(가) 서식 문자열 '%d'에 필요합니다.
E:\github\PokemonDP_DX11Proj_DD\Source\KD3DLib\KSpriteManager.cpp(35,8): warning C4101: 'fAnimTimer' :참조되지 않은 지역 변수입니다.
E:\github\PokemonDP_DX11Proj_DD\Source\KD3DLib\KSpriteManager.cpp(81,21): warning C4473: 'swscanf_s': 서식 문자열에 대한 인수가 충분하게 전달되지 않았습니다.
E:\github\PokemonDP_DX11Proj_DD\Source\KD3DLib\KSpriteManager.cpp(81,21): message : 자리 표시자 및 해당 매개 변수에는 variadic 인수가 4개 필요하지만 3개가 제공되었습니다.
E:\github\PokemonDP_DX11Proj_DD\Source\KD3DLib\KSpriteManager.cpp(81,21): message : 누락된 variadic 인수 4이(가) 서식 문자열 '%d'에 필요합니다.
E:\github\PokemonDP_DX11Proj_DD\Source\KD3DLib\KSpriteManager.cpp(90,22): warning C4477: 'swscanf_s' : 서식 문자열 '%d'에 'int *' 형식의 인수가 필요하지만 variadic 인수 4의 형식이 'float *'입니다.
E:\github\PokemonDP_DX11Proj_DD\Source\KD3DLib\KSpriteManager.cpp(90,22): warning C4473: 'swscanf_s': 서식 문자열에 대한 인수가 충분하게 전달되지 않았습니다.
E:\github\PokemonDP_DX11Proj_DD\Source\KD3DLib\KSpriteManager.cpp(90,22): message : 자리 표시자 및 해당 매개 변수에는 variadic 인수가 5개 필요하지만 4개가 제공되었습니다.
E:\github\PokemonDP_DX11Proj_DD\Source\KD3DLib\KSpriteManager.cpp(90,22): message : 누락된 variadic 인수 5이(가) 서식 문자열 '%f'에 필요합니다.
E:\github\PokemonDP_DX11Proj_DD\Source\KD3DLib\KSpriteManager.cpp(75,8): warning C4101: 'anim_time' :참조되지 않은 지역 변수입니다.
  KState.cpp
  KTextureManager.cpp
  KTimer.cpp
  KUI.cpp
E:\github\PokemonDP_DX11Proj_DD\Source\KD3DLib\KUI.cpp(40,37): warning C4244: '=': 'UINT'에서 'float'(으)로 변환하면서 데이터가 손실될 수 있습니다.
E:\github\PokemonDP_DX11Proj_DD\Source\KD3DLib\KUI.cpp(41,38): warning C4244: '=': 'UINT'에서 'float'(으)로 변환하면서 데이터가 손실될 수 있습니다.
E:\github\PokemonDP_DX11Proj_DD\Source\KD3DLib\KUI.cpp(303,17): warning C4244: '초기화 중': 'float'에서 'int'(으)로 변환하면서 데이터가 손실될 수 있습니다.
E:\github\PokemonDP_DX11Proj_DD\Source\KD3DLib\KUI.cpp(304,18): warning C4244: '초기화 중': 'float'에서 'int'(으)로 변환하면서 데이터가 손실될 수 있습니다.
  KUIModelManager.cpp
  KWindow.cpp
  KWrite.cpp
E:\github\PokemonDP_DX11Proj_DD\Source\KD3DLib\KWrite.cpp(11,18): warning C4244: '=': 'UINT'에서 'FLOAT'(으)로 변환하면서 데이터가 손실될 수 있습니다.
E:\github\PokemonDP_DX11Proj_DD\Source\KD3DLib\KWrite.cpp(12,18): warning C4244: '=': 'UINT'에서 'FLOAT'(으)로 변환하면서 데이터가 손실될 수 있습니다.
E:\github\PokemonDP_DX11Proj_DD\Source\KD3DLib\KWrite.cpp(96,69): warning C4244: '인수': 'LONG'에서 'FLOAT'(으)로 변환하면서 데이터가 손실될 수 있습니다.
E:\github\PokemonDP_DX11Proj_DD\Source\KD3DLib\KWrite.cpp(96,59): warning C4244: '인수': 'LONG'에서 'FLOAT'(으)로 변환하면서 데이터가 손실될 수 있습니다.
E:\github\PokemonDP_DX11Proj_DD\Source\KD3DLib\KWrite.cpp(96,51): warning C4244: '인수': 'LONG'에서 'FLOAT'(으)로 변환하면서 데이터가 손실될 수 있습니다.
E:\github\PokemonDP_DX11Proj_DD\Source\KD3DLib\KWrite.cpp(96,42): warning C4244: '인수': 'LONG'에서 'FLOAT'(으)로 변환하면서 데이터가 손실될 수 있습니다.
E:\github\PokemonDP_DX11Proj_DD\Source\KD3DLib\KWrite.cpp(101,50): warning C4267: '인수': 'size_t'에서 'UINT32'(으)로 변환하면서 데이터가 손실될 수 있습니다.
E:\github\PokemonDP_DX11Proj_DD\Source\KD3DLib\KWrite.cpp(106,48): warning C4267: '인수': 'size_t'에서 'UINT32'(으)로 변환하면서 데이터가 손실될 수 있습니다.
E:\github\PokemonDP_DX11Proj_DD\Source\KD3DLib\KWrite.cpp(123,34): warning C4244: '인수': 'float'에서 'const unsigned __int64'(으)로 변환하면서 데이터가 손실될 수 있습니다.
  코드를 생성하고 있습니다...
E:\github\PokemonDP_DX11Proj_DD\Source\KD3DLib\KState.cpp(89): warning C4715: 'KState::CreateBlendState': 모든 제어 경로에서 값을 반환하지는 않습니다.
  KD3DLib.vcxproj -> E:\github\PokemonDP_DX11Proj_DD\Export\KD3DLib\KD3DLib.lib
          1개 파일이 복사되었습니다.
  ImGuiManager.h
  K2DAsset.h
  KBoxObj.h
  KCamera.h
  KCollider.h
  KCollision.h
  KCore.h
  KDevice.h
  KInput.h
  KManager.h
  KMath.h
  KObject.h
  KObjectManager.h
  KObjObject.h
  KPlaneObj.h
  KQuadTree.h
  KScene.h
  KShaderManager.h
  KSkyBox.h
  KSound.h
  KSoundManager.h
  KSpriteManager.h
  KState.h
  KStd.h
  KTextureManager.h
  KTimer.h
  KUI.h
  KUIModelManager.h
  KWindow.h
  KWrite.h
  resource.h
         31개 파일이 복사되었습니다.
